Connecting to database specified by database.yml
Connecting to database specified by database.yml
Compiled jquery.js  (3ms)  (pid 30262)
Compiled jquery_ujs.js  (0ms)  (pid 30262)
Compiled bootstrap.min.js  (0ms)  (pid 30262)
Compiled main.js  (0ms)  (pid 30262)
Compiled application.js  (62ms)  (pid 30262)
Compiled bootstrap-theme.min.css  (0ms)  (pid 30262)
Compiled bootstrap.min.css  (25ms)  (pid 30262)
Compiled flat-ui.css  (0ms)  (pid 30262)
Compiled main.css  (0ms)  (pid 30262)
Compiled application.css  (75ms)  (pid 30262)
Connecting to database specified by database.yml
Compiled jquery.js  (3ms)  (pid 30262)
Compiled jquery_ujs.js  (0ms)  (pid 30262)
Compiled bootstrap.min.js  (0ms)  (pid 30262)
Compiled main.js  (0ms)  (pid 30262)
Compiled application.js  (34ms)  (pid 30262)
Compiled bootstrap-theme.min.css  (0ms)  (pid 30262)
Compiled bootstrap.min.css  (0ms)  (pid 30262)
Compiled flat-ui.css  (0ms)  (pid 30262)
Compiled main.css  (0ms)  (pid 30262)
Compiled application.css  (51ms)  (pid 30262)
Connecting to database specified by database.yml
Compiled jquery.js  (3ms)  (pid 7317)
Compiled jquery_ujs.js  (0ms)  (pid 7317)
Compiled bootstrap-select.js  (0ms)  (pid 7317)
Compiled bootstrap.min.js  (0ms)  (pid 7317)
Compiled flatui-checkbox.js  (0ms)  (pid 7317)
Compiled flatui-radio.js  (0ms)  (pid 7317)
Compiled html5shiv.js  (0ms)  (pid 7317)
Compiled jquery-ui-1.10.3.custom.min.js  (0ms)  (pid 7317)
Compiled jquery.placeholder.js  (0ms)  (pid 7317)
Compiled jquery.tagsinput.js  (0ms)  (pid 7317)
Compiled jquery.ui.touch-punch.min.js  (0ms)  (pid 7317)
Compiled main.js  (0ms)  (pid 7317)
Compiled respond.min.js  (32ms)  (pid 7317)
Compiled typeahead.js  (1ms)  (pid 7317)
Compiled application.js  (254ms)  (pid 7317)
Compiled bootstrap-theme.min.css  (0ms)  (pid 7317)
Compiled bootstrap.min.css  (0ms)  (pid 7317)
Compiled flat-ui.css  (0ms)  (pid 7317)
Compiled main.css  (0ms)  (pid 7317)
Compiled application.css  (77ms)  (pid 7317)
Connecting to database specified by database.yml
Compiled jquery.js  (3ms)  (pid 7317)
Compiled jquery_ujs.js  (0ms)  (pid 7317)
Compiled bootstrap-select.js  (0ms)  (pid 7317)
Compiled bootstrap.min.js  (0ms)  (pid 7317)
Compiled flatui-checkbox.js  (0ms)  (pid 7317)
Compiled flatui-radio.js  (0ms)  (pid 7317)
Compiled html5shiv.js  (0ms)  (pid 7317)
Compiled jquery-ui-1.10.3.custom.min.js  (0ms)  (pid 7317)
Compiled jquery.placeholder.js  (0ms)  (pid 7317)
Compiled jquery.tagsinput.js  (0ms)  (pid 7317)
Compiled jquery.ui.touch-punch.min.js  (0ms)  (pid 7317)
Compiled main.js  (0ms)  (pid 7317)
Compiled respond.min.js  (0ms)  (pid 7317)
Compiled typeahead.js  (1ms)  (pid 7317)
Compiled application.js  (193ms)  (pid 7317)
Compiled bootstrap-theme.min.css  (0ms)  (pid 7317)
Compiled bootstrap.min.css  (0ms)  (pid 7317)
Compiled flat-ui.css  (0ms)  (pid 7317)
Compiled main.css  (0ms)  (pid 7317)
Compiled application.css  (24ms)  (pid 7317)
